<?xml version="1.0" encoding="UTF-8"?>
<!-- Generated by org.testng.reporters.JUnitReportReporter -->
<testsuite hostname="Divyesh" failures="0" tests="2" name="test.com.itexps.CalculatorTest" time="0.008" errors="0" timestamp="26 Feb 2025 02:45:22 GMT">
  <testcase classname="test.com.itexps.CalculatorTest" name="testAdd" time="0.005"/>
  <testcase classname="test.com.itexps.CalculatorTest" name="testmul" time="0.003"/>
</testsuite> <!-- test.com.itexps.CalculatorTest -->
